<?xml version="1.0" encoding="UTF-8"?>
<!-- Generated by org.testng.reporters.JUnitReportReporter -->
<testsuite skipped="0" hostname="L-GOnyebuchi" name="pages.ExtentReportDemoWithTestNG" tests="1" failures="0" timestamp="30 Nov 2018 09:44:17 GMT" time="9.670" errors="0">
  <testcase name="test" time="9.670" classname="pages.ExtentReportDemoWithTestNG"/>
</testsuite> <!-- pages.ExtentReportDemoWithTestNG -->
