<?xml version="1.0" encoding="UTF-8"?>
<!-- Generated by org.testng.reporters.JUnitReportReporter -->
<testsuite skipped="0" hostname="L-GOnyebuchi" name="demo.TestNGDependencyDemo" tests="3" failures="0" timestamp="25 Mar 2019 09:31:47 GMT" time="0.011" errors="0">
  <testcase name="test3" time="0.001" classname="demo.TestNGDependencyDemo"/>
  <testcase name="test2" time="0.008" classname="demo.TestNGDependencyDemo"/>
  <testcase name="test1" time="0.002" classname="demo.TestNGDependencyDemo"/>
</testsuite> <!-- demo.TestNGDependencyDemo -->
