<?xml version="1.0" encoding="UTF-8"?>
<!-- Generated by org.testng.reporters.JUnitReportReporter -->
<testsuite skipped="0" hostname="L-GOnyebuchi" name="demo.TestNGGroupsDemo" tests="4" failures="0" timestamp="25 Mar 2019 09:31:48 GMT" time="0.022" errors="0">
  <testcase name="test2" time="0.002" classname="demo.TestNGGroupsDemo"/>
  <testcase name="test3" time="0.002" classname="demo.TestNGGroupsDemo"/>
  <testcase name="test1" time="0.016" classname="demo.TestNGGroupsDemo"/>
  <testcase name="test4" time="0.002" classname="demo.TestNGGroupsDemo"/>
</testsuite> <!-- demo.TestNGGroupsDemo -->
