<?xml version="1.0" encoding="UTF-8"?>
<!-- Generated by org.testng.reporters.JUnitReportReporter -->
<testsuite skipped="0" hostname="L-GOnyebuchi" name="CIPM.PractionerApplication" tests="1" failures="0" timestamp="08 May 2019 12:09:08 GMT" time="68.289" errors="0">
  <testcase name="testPractionerApplication" time="68.289" classname="CIPM.PractionerApplication"/>
</testsuite> <!-- CIPM.PractionerApplication -->
