<?xml version="1.0" encoding="UTF-8"?>
<!-- Generated by org.testng.reporters.JUnitReportReporter -->
<testsuite skipped="0" hostname="L-GOnyebuchi" name="demo.TestNGParametersDemo" tests="1" failures="0" timestamp="22 Mar 2019 11:48:24 GMT" time="0.015" errors="0">
  <testcase name="test" time="0.015" classname="demo.TestNGParametersDemo"/>
</testsuite> <!-- demo.TestNGParametersDemo -->
