<?xml version="1.0" encoding="UTF-8"?>
<!-- Generated by org.testng.reporters.JUnitReportReporter -->
<testsuite skipped="0" hostname="L-GOnyebuchi" name="CIPM.AcceptanceFee" tests="1" failures="0" timestamp="17 May 2019 11:52:15 GMT" time="71.933" errors="0">
  <testcase name="testAcceptanceFee" time="71.933" classname="CIPM.AcceptanceFee"/>
</testsuite> <!-- CIPM.AcceptanceFee -->
