<?xml version="1.0" encoding="UTF-8"?>
<!-- Generated by org.testng.reporters.JUnitReportReporter -->
<testsuite skipped="0" hostname="L-GOnyebuchi" name="CIPM.ResultUploadIntermediate1" tests="1" failures="0" timestamp="26 Mar 2019 15:04:02 GMT" time="27.589" errors="0">
  <testcase name="testResultUploadIntermediate1" time="27.589" classname="CIPM.ResultUploadIntermediate1"/>
</testsuite> <!-- CIPM.ResultUploadIntermediate1 -->
