<?xml version="1.0" encoding="UTF-8"?>
<!-- Generated by org.testng.reporters.JUnitReportReporter -->
<testsuite skipped="0" hostname="L-GOnyebuchi" name="demo.TestNGPriorityDemo" tests="3" failures="0" timestamp="18 Mar 2019 11:19:02 GMT" time="0.025" errors="0">
  <testcase name="three" time="0.017" classname="demo.TestNGPriorityDemo"/>
  <testcase name="one" time="0.004" classname="demo.TestNGPriorityDemo"/>
  <testcase name="two" time="0.004" classname="demo.TestNGPriorityDemo"/>
</testsuite> <!-- demo.TestNGPriorityDemo -->
