<?xml version="1.0" encoding="UTF-8"?>
<!-- Generated by org.testng.reporters.JUnitReportReporter -->
<testsuite skipped="0" hostname="L-GOnyebuchi" name="utils.ExcelDataProvider" tests="2" failures="0" timestamp="29 Mar 2019 14:54:32 GMT" time="0.022" errors="0">
  <testcase name="test1" time="0.018" classname="utils.ExcelDataProvider"/>
  <testcase name="test1" time="0.004" classname="utils.ExcelDataProvider"/>
</testsuite> <!-- utils.ExcelDataProvider -->
