<?xml version="1.0" encoding="UTF-8"?>
<!-- Generated by org.testng.reporters.JUnitReportReporter -->
<testsuite skipped="0" hostname="L-GOnyebuchi" name="CIPM.applicationApproval" tests="1" failures="0" timestamp="18 Apr 2019 17:37:42 GMT" time="74.564" errors="0">
  <testcase name="testApprovingApplication" time="74.564" classname="CIPM.applicationApproval"/>
</testsuite> <!-- CIPM.applicationApproval -->
