<?xml version="1.0" encoding="UTF-8"?>
<!-- Generated by org.testng.reporters.JUnitReportReporter -->
<testsuite skipped="0" hostname="L-GOnyebuchi" name="pages.testNGDemo2" tests="1" failures="0" timestamp="27 Nov 2018 15:01:50 GMT" time="15.500" errors="0">
  <testcase name="searchTest" time="15.500" classname="pages.testNGDemo2"/>
</testsuite> <!-- pages.testNGDemo2 -->
