<?xml version="1.0" encoding="UTF-8"?>
<!-- Generated by org.testng.reporters.JUnitReportReporter -->
<testsuite skipped="0" hostname="L-GOnyebuchi" name="CIPM.ResultUploadFoundation2" tests="1" failures="0" timestamp="26 Mar 2019 13:35:42 GMT" time="25.318" errors="0">
  <testcase name="testResultUploadFoundation2" time="25.318" classname="CIPM.ResultUploadFoundation2"/>
</testsuite> <!-- CIPM.ResultUploadFoundation2 -->
