<?xml version="1.0" encoding="UTF-8"?>
<!-- Generated by org.testng.reporters.JUnitReportReporter -->
<testsuite skipped="0" hostname="L-GOnyebuchi" name="CIPM.ActiveDietIntermediate2" tests="1" failures="0" timestamp="26 Mar 2019 15:25:33 GMT" time="20.813" errors="0">
  <testcase name="testActiveDietIntermediate2" time="20.813" classname="CIPM.ActiveDietIntermediate2"/>
</testsuite> <!-- CIPM.ActiveDietIntermediate2 -->
