<?xml version="1.0" encoding="UTF-8"?>
<!-- Generated by org.testng.reporters.JUnitReportReporter -->
<testsuite skipped="0" hostname="L-GOnyebuchi" name="CIPM.ExamTimetable" tests="1" failures="0" timestamp="18 Apr 2019 17:05:30 GMT" time="85.165" errors="0">
  <testcase name="testExamTimetable" time="85.165" classname="CIPM.ExamTimetable"/>
</testsuite> <!-- CIPM.ExamTimetable -->
