<?xml version="1.0" encoding="UTF-8"?>
<!-- Generated by org.testng.reporters.JUnitReportReporter -->
<testsuite skipped="0" hostname="L-GOnyebuchi" name="CIPM.ResultUploadFoundation1" tests="1" failures="0" timestamp="26 Mar 2019 11:55:38 GMT" time="30.630" errors="0">
  <testcase name="testResultUploadFoundation1" time="30.630" classname="CIPM.ResultUploadFoundation1"/>
</testsuite> <!-- CIPM.ResultUploadFoundation1 -->
