<?xml version="1.0" encoding="UTF-8"?>
<!-- Generated by org.testng.reporters.JUnitReportReporter -->
<testsuite skipped="0" hostname="L-GOnyebuchi" name="CIPM.ResultUploadPE1" tests="1" failures="0" timestamp="27 Mar 2019 09:36:10 GMT" time="34.154" errors="0">
  <testcase name="testResultUploadPE1" time="34.154" classname="CIPM.ResultUploadPE1"/>
</testsuite> <!-- CIPM.ResultUploadPE1 -->
