<?xml version="1.0" encoding="UTF-8"?>
<!-- Generated by org.testng.reporters.JUnitReportReporter -->
<testsuite skipped="0" hostname="L-GOnyebuchi" name="CIPM.application_Student_Approval" tests="1" failures="0" timestamp="14 May 2019 15:17:37 GMT" time="137.387" errors="0">
  <testcase name="testApprovingApplication" time="137.387" classname="CIPM.application_Student_Approval"/>
</testsuite> <!-- CIPM.application_Student_Approval -->
