<?xml version="1.0" encoding="UTF-8"?>
<!-- Generated by org.testng.reporters.JUnitReportReporter -->
<testsuite skipped="0" hostname="L-GOnyebuchi" name="demo.TestNGDependencyDemo1" tests="2" failures="0" timestamp="25 Mar 2019 08:17:05 GMT" time="0.023" errors="0">
  <testcase name="test3" time="0.002" classname="demo.TestNGDependencyDemo1"/>
  <testcase name="test2" time="0.021" classname="demo.TestNGDependencyDemo1"/>
</testsuite> <!-- demo.TestNGDependencyDemo1 -->
