<?xml version="1.0" encoding="UTF-8"?>
<!-- Generated by org.testng.reporters.JUnitReportReporter -->
<testsuite skipped="0" hostname="L-GOnyebuchi" name="testNGDemo" tests="1" failures="0" timestamp="27 Nov 2018 08:53:45 GMT" time="12.269" errors="0">
  <testcase name="searchTest" time="12.269" classname="testNGDemo"/>
</testsuite> <!-- testNGDemo -->
