<?xml version="1.0" encoding="UTF-8"?>
<!-- Generated by org.testng.reporters.JUnitReportReporter -->
<testsuite skipped="0" hostname="L-GOnyebuchi" name="CIPM.ResultUploadIntermediate2" tests="1" failures="0" timestamp="26 Mar 2019 15:38:38 GMT" time="22.697" errors="0">
  <testcase name="testResultUploadIntermediate2" time="22.697" classname="CIPM.ResultUploadIntermediate2"/>
</testsuite> <!-- CIPM.ResultUploadIntermediate2 -->
