<?xml version="1.0" encoding="UTF-8"?>
<!-- Generated by org.testng.reporters.JUnitReportReporter -->
<testsuite skipped="0" hostname="L-GOnyebuchi" name="CIPM.ActiveDietPE1" tests="1" failures="0" timestamp="26 Mar 2019 15:51:12 GMT" time="20.663" errors="0">
  <testcase name="testActiveDietPE1" time="20.663" classname="CIPM.ActiveDietPE1"/>
</testsuite> <!-- CIPM.ActiveDietPE1 -->
