<?xml version="1.0" encoding="UTF-8"?>
<!-- Generated by org.testng.reporters.JUnitReportReporter -->
<testsuite skipped="0" hostname="L-GOnyebuchi" name="CIPM.LoginPage" tests="1" failures="0" timestamp="03 May 2019 10:53:50 GMT" time="11.215" errors="0">
  <testcase name="userlogin" time="11.215" classname="CIPM.LoginPage"/>
</testsuite> <!-- CIPM.LoginPage -->
