<?xml version="1.0" encoding="UTF-8"?>
<!-- Generated by org.testng.reporters.JUnitReportReporter -->
<testsuite skipped="0" hostname="L-GOnyebuchi" name="CIPM.ActiveDietPE2" tests="1" failures="0" timestamp="27 Mar 2019 09:38:11 GMT" time="57.946" errors="0">
  <testcase name="testActiveDietPE2" time="57.946" classname="CIPM.ActiveDietPE2"/>
</testsuite> <!-- CIPM.ActiveDietPE2 -->
