<?xml version="1.0" encoding="UTF-8"?>
<!-- Generated by org.testng.reporters.JUnitReportReporter -->
<testsuite skipped="0" hostname="L-GOnyebuchi" name="CIPM.application_Student" tests="1" failures="0" timestamp="14 May 2019 13:59:32 GMT" time="51.266" errors="0">
  <testcase name="testMembershipReg" time="51.266" classname="CIPM.application_Student"/>
</testsuite> <!-- CIPM.application_Student -->
