<?xml version="1.0" encoding="UTF-8"?>
<!-- Generated by org.testng.reporters.JUnitReportReporter -->
<testsuite skipped="0" hostname="L-GOnyebuchi" name="CIPM.DietTimetable" tests="1" failures="0" timestamp="29 Mar 2019 13:48:03 GMT" time="53.616" errors="0">
  <testcase name="testDietTimetable" time="53.616" classname="CIPM.DietTimetable"/>
</testsuite> <!-- CIPM.DietTimetable -->
