<?xml version="1.0" encoding="UTF-8"?>
<!-- Generated by org.testng.reporters.JUnitReportReporter -->
<testsuite skipped="0" hostname="L-GOnyebuchi" name="demo.TestNGIgnoreDemo" tests="2" failures="0" timestamp="01 Apr 2019 15:35:24 GMT" time="0.016" errors="0">
  <testcase name="test2" time="0.002" classname="demo.TestNGIgnoreDemo"/>
  <testcase name="test1" time="0.014" classname="demo.TestNGIgnoreDemo"/>
</testsuite> <!-- demo.TestNGIgnoreDemo -->
